<?xml version="1.0" encoding="UTF-8"?>
<!-- Generated by org.testng.reporters.JUnitReportReporter -->
<testsuite hostname="LIN-5CG134C0YR" failures="1" tests="5" name="Runner.Runner" time="71.535" errors="0" timestamp="2024-04-17T12:47:10 IST" skipped="0">
  <testcase classname="Runner.Runner" name="runScenario" time="8.322"/>
  <testcase classname="Runner.Runner" name="runScenario" time="16.401">
    <failure message="expected [Product successfully added to cart.] but found [Currently out of stock.]" type="java.lang.AssertionError">
      <![CDATA[java.lang.AssertionError: expected [Product successfully added to cart.] but found [Currently out of stock.]
at org.testng.Assert.fail(Assert.java:111)
at org.testng.Assert.failNotEquals(Assert.java:1578)
at org.testng.Assert.assertEqualsImpl(Assert.java:150)
at org.testng.Assert.assertEquals(Assert.java:132)
at org.testng.Assert.assertEquals(Assert.java:656)
at org.testng.Assert.assertEquals(Assert.java:666)
at Step_Definition.step_definition.it_will_navigate_to_the_cart(step_definition.java:218)
at âœ½.It will navigate to the Cart(file:///C:/Users/IBHAWSAR/Desktop/AsianPaints/src/test/resource/Features/HomeDecor.feature:64)
]]>
    </failure>
  </testcase> <!-- runScenario -->
  <testcase classname="Runner.Runner" name="runScenario" time="15.343"/>
  <testcase classname="Runner.Runner" name="runScenario" time="16.276"/>
  <testcase classname="Runner.Runner" name="runScenario" time="15.193"/>
</testsuite> <!-- Runner.Runner -->
